#
# A fatal error has been detected by the Java Runtime Environment:
#
#  SIGSEGV (0xb) at pc=0x0000003c3d27a486, pid=16727, tid=140294561421056
#
# JRE version: Java(TM) SE Runtime Environment (7.0_72-b14) (build 1.7.0_72-b14)
# Java VM: Java HotSpot(TM) 64-Bit Server VM (24.72-b04 mixed mode linux-amd64 compressed oops)
# Problematic frame:
# C  [libgdk-x11-2.0.so.0+0x7a486]  gdk_window_enable_synchronized_configure+0x16
#
# Failed to write core dump. Core dumps have been disabled. To enable core dumping, try "ulimit -c unlimited" before starting Java again
#
# If you would like to submit a bug report, please visit:
#   http://bugreport.sun.com/bugreport/crash.jsp
# The crash happened outside the Java Virtual Machine in native code.
# See problematic frame for where to report the bug.
#

---------------  T H R E A D  ---------------

Current thread (0x00007f98d8009800):  JavaThread "main" [_thread_in_native, id=16728, stack(0x00007f98df6f5000,0x00007f98df7f6000)]

siginfo:si_signo=SIGSEGV: si_errno=0, si_code=1 (SEGV_MAPERR), si_addr=0x0000000000000018

Registers:
RAX=0x0000000000000000, RBX=0x00007f98d82d7060, RCX=0x00007f98df7f5700, RDX=0x0000000000000000
RSP=0x00007f98df7f3c30, RBP=0x00007f98d82d7060, RSI=0x0000000000000000, RDI=0x0000000000000000
R8 =0x00000000ffffffff, R9 =0x0000000000000001, R10=0x00007f98df7f39d0, R11=0x0000003c3d27a470
R12=0x0000000000000000, R13=0x00007f98df7f3c80, R14=0x0000000000000000, R15=0x0000000000000260
RIP=0x0000003c3d27a486, EFLAGS=0x0000000000010206, CSGSFS=0x0000000000000033, ERR=0x0000000000000004
  TRAPNO=0x000000000000000e

Top of Stack: (sp=0x00007f98df7f3c30)
0x00007f98df7f3c30:   00007f98d82d7060 00007f98d82d7060
0x00007f98df7f3c40:   00007f98d82d7150 0000003c3d8a2852
0x00007f98df7f3c50:   0000000000001600 0000000000000001
0x00007f98df7f3c60:   0000000000000000 0000003c3d888a10
0x00007f98df7f3c70:   00007f98d82dc810 0000003c3d88de42
0x00007f98df7f3c80:   00007f98d82e6800 00007f980000fc02
0x00007f98df7f3c90:   000001c7d82d7060 0000000000000127
0x00007f98df7f3ca0:   0000000000000000 0000000000000000
0x00007f98df7f3cb0:   0000000000000001 0000003c3362a8f8
0x00007f98df7f3cc0:   00007f98d82d63b0 00007f98d82d62e0
0x00007f98df7f3cd0:   00000000d82ac200 0000003c3362a8f8
0x00007f98df7f3ce0:   0000000000000001 0000003c33633705
0x00007f98df7f3cf0:   00007f98d82ac200 0000003c3d8a2670
0x00007f98df7f3d00:   00007f98d82ac200 00007f98d82c2a60
0x00007f98df7f3d10:   0000000000000000 00007f98d82ac200
0x00007f98df7f3d20:   0000000000000001 00007f98df7f3e70
0x00007f98df7f3d30:   0000000000000000 0000003c3360e3de
0x00007f98df7f3d40:   0000000040008002 00007f98d824ceb0
0x00007f98df7f3d50:   0000003c3d20abab 0000003c33603d28
0x00007f98df7f3d60:   0000003c00008001 00007f98d82c1cc0
0x00007f98df7f3d70:   0000000040008002 0000003c3160a7b0
0x00007f98df7f3d80:   0000003c32915e00 00007f98d82c1cc0
0x00007f98df7f3d90:   0000000000000000 00007f98d82b9430
0x00007f98df7f3da0:   0000000000000000 0000003c3160a7b0
0x00007f98df7f3db0:   0000003c32915e00 0000000000000001
0x00007f98df7f3dc0:   00007f98d82d6388 0000003c336241a8
0x00007f98df7f3dd0:   0000000000000005 0000002000000000
0x00007f98df7f3de0:   00007f98d82d6388 00007f98df7f3e90
0x00007f98df7f3df0:   00007f98df7f3e70 00007f98d82ac200
0x00007f98df7f3e00:   00000000d82c1cc0 0000000000000000
0x00007f98df7f3e10:   00007f98df7f3eb0 00007f98d82d7060
0x00007f98df7f3e20:   0100000000000000 000000000000000b 

Instructions: (pc=0x0000003c3d27a486)
0x0000003c3d27a466:   fa ff e9 3f fc ff ff 0f 1f 00 48 89 6c 24 f0 4c
0x0000003c3d27a476:   89 64 24 f8 49 89 fc 48 89 5c 24 e8 48 83 ec 18
0x0000003c3d27a486:   48 8b 5f 18 e8 71 dc ff ff 48 89 c5 48 85 db 74
0x0000003c3d27a496:   1c 48 8b 03 48 85 c0 74 05 48 3b 28 74 2c 48 89 

Register to memory mapping:

RAX=0x0000000000000000 is an unknown value
RBX=0x00007f98d82d7060 is an unknown value
RCX=0x00007f98df7f5700 is pointing into the stack for thread: 0x00007f98d8009800
RDX=0x0000000000000000 is an unknown value
RSP=0x00007f98df7f3c30 is pointing into the stack for thread: 0x00007f98d8009800
RBP=0x00007f98d82d7060 is an unknown value
RSI=0x0000000000000000 is an unknown value
RDI=0x0000000000000000 is an unknown value
R8 =0x00000000ffffffff is an unallocated location in the heap
R9 =0x0000000000000001 is an unknown value
R10=0x00007f98df7f39d0 is pointing into the stack for thread: 0x00007f98d8009800
R11=0x0000003c3d27a470: gdk_window_enable_synchronized_configure+0 in /usr/lib64/libgdk-x11-2.0.so.0 at 0x0000003c3d200000
R12=0x0000000000000000 is an unknown value
R13=0x00007f98df7f3c80 is pointing into the stack for thread: 0x00007f98d8009800
R14=0x0000000000000000 is an unknown value
R15=0x0000000000000260 is an unknown value


Stack: [0x00007f98df6f5000,0x00007f98df7f6000],  sp=0x00007f98df7f3c30,  free space=1019k
Native frames: (J=compiled Java code, j=interpreted, Vv=VM code, C=native code)
C  [libgdk-x11-2.0.so.0+0x7a486]  gdk_window_enable_synchronized_configure+0x16

Java frames: (J=compiled Java code, j=interpreted, Vv=VM code)
j  org.eclipse.equinox.launcher.JNIBridge._show_splash(Ljava/lang/String;)V+0
j  org.eclipse.equinox.launcher.JNIBridge.showSplash(Ljava/lang/String;)Z+2
j  org.eclipse.equinox.launcher.Main.handleSplash([Ljava/net/URL;)V+157
j  org.eclipse.equinox.launcher.Main.basicRun([Ljava/lang/String;)V+116
j  org.eclipse.equinox.launcher.Main.run([Ljava/lang/String;)I+4
j  org.eclipse.equinox.launcher.Main.main([Ljava/lang/String;)V+10
v  ~StubRoutines::call_stub

---------------  P R O C E S S  ---------------

Java Threads: ( => current thread )
  0x00007f98d81e8000 JavaThread "Service Thread" daemon [_thread_blocked, id=16743, stack(0x00007f98bf2f3000,0x00007f98bf3f4000)]
  0x00007f98d81e6000 JavaThread "C2 CompilerThread1" daemon [_thread_blocked, id=16742, stack(0x00007f98bf3f4000,0x00007f98bf4f5000)]
  0x00007f98d81e3000 JavaThread "C2 CompilerThread0" daemon [_thread_blocked, id=16741, stack(0x00007f98bf4f5000,0x00007f98bf5f6000)]
  0x00007f98d81e0800 JavaThread "Signal Dispatcher" daemon [_thread_blocked, id=16740, stack(0x00007f98bf5f6000,0x00007f98bf6f7000)]
  0x00007f98d81bf800 JavaThread "Finalizer" daemon [_thread_blocked, id=16739, stack(0x00007f98bf6f7000,0x00007f98bf7f8000)]
  0x00007f98d81bd800 JavaThread "Reference Handler" daemon [_thread_blocked, id=16738, stack(0x00007f98bf7f8000,0x00007f98bf8f9000)]
=>0x00007f98d8009800 JavaThread "main" [_thread_in_native, id=16728, stack(0x00007f98df6f5000,0x00007f98df7f6000)]

Other Threads:
  0x00007f98d81b9800 VMThread [stack: 0x00007f98bf8f9000,0x00007f98bf9fa000] [id=16737]
  0x00007f98d81f3000 WatcherThread [stack: 0x00007f98bf1f2000,0x00007f98bf2f3000] [id=16744]

VM state:not at safepoint (normal execution)

VM Mutex/Monitor currently owned by a thread: None

Heap
 PSYoungGen      total 38912K, used 2027K [0x00000000f5500000, 0x00000000f8000000, 0x0000000100000000)
  eden space 33792K, 6% used [0x00000000f5500000,0x00000000f56faf60,0x00000000f7600000)
  from space 5120K, 0% used [0x00000000f7b00000,0x00000000f7b00000,0x00000000f8000000)
  to   space 5120K, 0% used [0x00000000f7600000,0x00000000f7600000,0x00000000f7b00000)
 ParOldGen       total 87552K, used 0K [0x00000000e0000000, 0x00000000e5580000, 0x00000000f5500000)
  object space 87552K, 0% used [0x00000000e0000000,0x00000000e0000000,0x00000000e5580000)
 PSPermGen       total 21504K, used 3106K [0x00000000d0000000, 0x00000000d1500000, 0x00000000e0000000)
  object space 21504K, 14% used [0x00000000d0000000,0x00000000d0308a88,0x00000000d1500000)

Card table byte_map: [0x00007f98dec27000,0x00007f98deda8000] byte_map_base: 0x00007f98de5a7000

Polling page: 0x00007f98e069b000

Code Cache  [0x00007f98d5000000, 0x00007f98d5270000, 0x00007f98d8000000)
 total_blobs=190 nmethods=4 adapters=141 free_code_cache=48754Kb largest_free_block=49899456

Compilation events (8 events):
Event: 0.138 Thread 0x00007f98d81e3000    1             java.lang.String::indexOf (70 bytes)
Event: 0.150 Thread 0x00007f98d81e6000    2             java.lang.String::hashCode (55 bytes)
Event: 0.152 Thread 0x00007f98d81e3000 nmethod 1 0x00007f98d5060290 code [0x00007f98d50603e0, 0x00007f98d5060568]
Event: 0.152 Thread 0x00007f98d81e3000    3             java.util.Properties$LineReader::readLine (452 bytes)
Event: 0.157 Thread 0x00007f98d81e6000 nmethod 2 0x00007f98d505fb50 code [0x00007f98d505fca0, 0x00007f98d505fdf8]
Event: 0.167 Thread 0x00007f98d81e3000 nmethod 3 0x00007f98d5062350 code [0x00007f98d50624e0, 0x00007f98d5062cb8]
Event: 0.183 Thread 0x00007f98d81e6000    4             sun.nio.cs.UTF_8$Decoder::decode (640 bytes)
Event: 0.230 Thread 0x00007f98d81e6000 nmethod 4 0x00007f98d50676d0 code [0x00007f98d50679c0, 0x00007f98d5068770]

GC Heap History (0 events):
No events

Deoptimization events (0 events):
No events

Internal exceptions (7 events):
Event: 0.051 Thread 0x00007f98d8009800 Threw 0x00000000f550f130 at /HUDSON/workspace/7u-2-build-linux-amd64/jdk7u72/1606/hotspot/src/share/vm/prims/jni.cpp:3991
Event: 0.102 Thread 0x00007f98d8009800 Threw 0x00000000f5551c90 at /HUDSON/workspace/7u-2-build-linux-amd64/jdk7u72/1606/hotspot/src/share/vm/prims/jvm.cpp:1281
Event: 0.114 Thread 0x00007f98d8009800 Threw 0x00000000f5585eb8 at /HUDSON/workspace/7u-2-build-linux-amd64/jdk7u72/1606/hotspot/src/share/vm/prims/jvm.cpp:1281
Event: 0.119 Thread 0x00007f98d8009800 Threw 0x00000000f5589628 at /HUDSON/workspace/7u-2-build-linux-amd64/jdk7u72/1606/hotspot/src/share/vm/prims/jvm.cpp:1281
Event: 0.120 Thread 0x00007f98d8009800 Threw 0x00000000f558cb00 at /HUDSON/workspace/7u-2-build-linux-amd64/jdk7u72/1606/hotspot/src/share/vm/prims/jvm.cpp:1281
Event: 0.138 Thread 0x00007f98d8009800 Threw 0x00000000f5653560 at /HUDSON/workspace/7u-2-build-linux-amd64/jdk7u72/1606/hotspot/src/share/vm/prims/jvm.cpp:1281
Event: 0.185 Thread 0x00007f98d8009800 Threw 0x00000000f568e3f0 at /HUDSON/workspace/7u-2-build-linux-amd64/jdk7u72/1606/hotspot/src/share/vm/prims/nativeLookup.cpp:378

Events (10 events):
Event: 0.180 loading class 0x00007f98dc953e70
Event: 0.180 loading class 0x00007f98dc953e70 done
Event: 0.180 loading class 0x00007f98d822eeb0
Event: 0.180 loading class 0x00007f98d822eeb0 done
Event: 0.180 loading class 0x00007f98dc919460
Event: 0.180 loading class 0x00007f98dc919460 done
Event: 0.180 loading class 0x00007f98d822f0e0
Event: 0.180 loading class 0x00007f98d822f0e0 done
Event: 0.181 loading class 0x00007f98dc9293b0
Event: 0.181 loading class 0x00007f98dc9293b0 done


Dynamic libraries:
00400000-00401000 r-xp 00000000 08:01 158885                             /usr/lib/jvm/java-1.7.0-oracle-1.7.0.72.x86_64/jre/bin/java
00600000-00602000 rw-p 00000000 08:01 158885                             /usr/lib/jvm/java-1.7.0-oracle-1.7.0.72.x86_64/jre/bin/java
0223a000-0225b000 rw-p 00000000 00:00 0                                  [heap]
d0000000-d1500000 rw-p 00000000 00:00 0 
d1500000-e0000000 rw-p 00000000 00:00 0 
e0000000-e5580000 rw-p 00000000 00:00 0 
e5580000-f5500000 rw-p 00000000 00:00 0 
f5500000-f8000000 rw-p 00000000 00:00 0 
f8000000-100000000 rw-p 00000000 00:00 0 
38d5c00000-38d5c16000 r-xp 00000000 08:01 163985                         /usr/lib/jvm/java-1.7.0-oracle-1.7.0.72.x86_64/jre/lib/amd64/jli/libjli.so
38d5c16000-38d5e16000 ---p 00016000 08:01 163985                         /usr/lib/jvm/java-1.7.0-oracle-1.7.0.72.x86_64/jre/lib/amd64/jli/libjli.so
38d5e16000-38d5e17000 rw-p 00016000 08:01 163985                         /usr/lib/jvm/java-1.7.0-oracle-1.7.0.72.x86_64/jre/lib/amd64/jli/libjli.so
3c30a00000-3c30a20000 r-xp 00000000 08:01 1835080                        /lib64/ld-2.12.so
3c30c1f000-3c30c20000 r--p 0001f000 08:01 1835080                        /lib64/ld-2.12.so
3c30c20000-3c30c21000 rw-p 00020000 08:01 1835080                        /lib64/ld-2.12.so
3c30c21000-3c30c22000 rw-p 00000000 00:00 0 
3c30e00000-3c30f8a000 r-xp 00000000 08:01 1835114                        /lib64/libc-2.12.so
3c30f8a000-3c3118a000 ---p 0018a000 08:01 1835114                        /lib64/libc-2.12.so
3c3118a000-3c3118e000 r--p 0018a000 08:01 1835114                        /lib64/libc-2.12.so
3c3118e000-3c3118f000 rw-p 0018e000 08:01 1835114                        /lib64/libc-2.12.so
3c3118f000-3c31194000 rw-p 00000000 00:00 0 
3c31200000-3c31283000 r-xp 00000000 08:01 1835124                        /lib64/libm-2.12.so
3c31283000-3c31482000 ---p 00083000 08:01 1835124                        /lib64/libm-2.12.so
3c31482000-3c31483000 r--p 00082000 08:01 1835124                        /lib64/libm-2.12.so
3c31483000-3c31484000 rw-p 00083000 08:01 1835124                        /lib64/libm-2.12.so
3c31600000-3c31617000 r-xp 00000000 08:01 1835134                        /lib64/libpthread-2.12.so
3c31617000-3c31817000 ---p 00017000 08:01 1835134                        /lib64/libpthread-2.12.so
3c31817000-3c31818000 r--p 00017000 08:01 1835134                        /lib64/libpthread-2.12.so
3c31818000-3c31819000 rw-p 00018000 08:01 1835134                        /lib64/libpthread-2.12.so
3c31819000-3c3181d000 rw-p 00000000 00:00 0 
3c31a00000-3c31a02000 r-xp 00000000 08:01 1835138                        /lib64/libdl-2.12.so
3c31a02000-3c31c02000 ---p 00002000 08:01 1835138                        /lib64/libdl-2.12.so
3c31c02000-3c31c03000 r--p 00002000 08:01 1835138                        /lib64/libdl-2.12.so
3c31c03000-3c31c04000 rw-p 00003000 08:01 1835138                        /lib64/libdl-2.12.so
3c31e00000-3c31e15000 r-xp 00000000 08:01 1835126                        /lib64/libz.so.1.2.3
3c31e15000-3c32014000 ---p 00015000 08:01 1835126                        /lib64/libz.so.1.2.3
3c32014000-3c32015000 r--p 00014000 08:01 1835126                        /lib64/libz.so.1.2.3
3c32015000-3c32016000 rw-p 00015000 08:01 1835126                        /lib64/libz.so.1.2.3
3c32200000-3c32207000 r-xp 00000000 08:01 1835170                        /lib64/librt-2.12.so
3c32207000-3c32406000 ---p 00007000 08:01 1835170                        /lib64/librt-2.12.so
3c32406000-3c32407000 r--p 00006000 08:01 1835170                        /lib64/librt-2.12.so
3c32407000-3c32408000 rw-p 00007000 08:01 1835170                        /lib64/librt-2.12.so
3c32600000-3c32715000 r-xp 00000000 08:01 1835178                        /lib64/libglib-2.0.so.0.2800.8
3c32715000-3c32915000 ---p 00115000 08:01 1835178                        /lib64/libglib-2.0.so.0.2800.8
3c32915000-3c32916000 rw-p 00115000 08:01 1835178                        /lib64/libglib-2.0.so.0.2800.8
3c32916000-3c32917000 rw-p 00000000 00:00 0 
3c32a00000-3c32a1d000 r-xp 00000000 08:01 1835150                        /lib64/libselinux.so.1
3c32a1d000-3c32c1c000 ---p 0001d000 08:01 1835150                        /lib64/libselinux.so.1
3c32c1c000-3c32c1d000 r--p 0001c000 08:01 1835150                        /lib64/libselinux.so.1
3c32c1d000-3c32c1e000 rw-p 0001d000 08:01 1835150                        /lib64/libselinux.so.1
3c32c1e000-3c32c1f000 rw-p 00000000 00:00 0 
3c32e00000-3c32e16000 r-xp 00000000 08:01 1835146                        /lib64/libresolv-2.12.so
3c32e16000-3c33016000 ---p 00016000 08:01 1835146                        /lib64/libresolv-2.12.so
3c33016000-3c33017000 r--p 00016000 08:01 1835146                        /lib64/libresolv-2.12.so
3c33017000-3c33018000 rw-p 00017000 08:01 1835146                        /lib64/libresolv-2.12.so
3c33018000-3c3301a000 rw-p 00000000 00:00 0 
3c33200000-3c33204000 r-xp 00000000 08:01 1835179                        /lib64/libgthread-2.0.so.0.2800.8
3c33204000-3c33403000 ---p 00004000 08:01 1835179                        /lib64/libgthread-2.0.so.0.2800.8
3c33403000-3c33404000 rw-p 00003000 08:01 1835179                        /lib64/libgthread-2.0.so.0.2800.8
3c33600000-3c3364a000 r-xp 00000000 08:01 1835188                        /lib64/libgobject-2.0.so.0.2800.8
3c3364a000-3c33849000 ---p 0004a000 08:01 1835188                        /lib64/libgobject-2.0.so.0.2800.8
3c33849000-3c3384b000 rw-p 00049000 08:01 1835188                        /lib64/libgobject-2.0.so.0.2800.8
3c3384b000-3c3384c000 rw-p 00000000 00:00 0 
3c33a00000-3c33a02000 r-xp 00000000 08:01 1973458                        /usr/lib64/libXau.so.6.0.0
3c33a02000-3c33c02000 ---p 00002000 08:01 1973458                        /usr/lib64/libXau.so.6.0.0
3c33c02000-3c33c03000 rw-p 00002000 08:01 1973458                        /usr/lib64/libXau.so.6.0.0
3c33e00000-3c33e1d000 r-xp 00000000 08:01 1973694                        /usr/lib64/libxcb.so.1.1.0
3c33e1d000-3c3401d000 ---p 0001d000 08:01 1973694                        /usr/lib64/libxcb.so.1.1.0
3c3401d000-3c3401e000 rw-p 0001d000 08:01 1973694                        /usr/lib64/libxcb.so.1.1.0
3c34200000-3c34337000 r-xp 00000000 08:01 1968511                        /usr/lib64/libX11.so.6.3.0
3c34337000-3c34537000 ---p 00137000 08:01 1968511                        /usr/lib64/libX11.so.6.3.0
3c34537000-3c3453d000 rw-p 00137000 08:01 1968511                        /usr/lib64/libX11.so.6.3.0
3c34600000-3c34626000 r-xp 00000000 08:01 1835129                        /lib64/libexpat.so.1.5.2
3c34626000-3c34825000 ---p 00026000 08:01 1835129                        /lib64/libexpat.so.1.5.2
3c34825000-3c34828000 rw-p 00025000 08:01 1835129                        /lib64/libexpat.so.1.5.2
3c34a00000-3c34a11000 r-xp 00000000 08:01 1968515                        /usr/lib64/libXext.so.6.4.0
3c34a11000-3c34c11000 ---p 00011000 08:01 1968515                        /usr/lib64/libXext.so.6.4.0
3c34c11000-3c34c12000 rw-p 00011000 08:01 1968515                        /usr/lib64/libXext.so.6.4.0
3c34e00000-3c34e98000 r-xp 00000000 08:01 1968254                        /usr/lib64/libfreetype.so.6.3.22
3c34e98000-3c35097000 ---p 00098000 08:01 1968254                        /usr/lib64/libfreetype.so.6.3.22
3c35097000-3c3509d000 rw-p 00097000 08:01 1968254                        /usr/lib64/libfreetype.so.6.3.22
3c35200000-3c35225000 r-xp 00000000 08:01 1968191                        /usr/lib64/libpng12.so.0.49.0
3c35225000-3c35425000 ---p 00025000 08:01 1968191                        /usr/lib64/libpng12.so.0.49.0
3c35425000-3c35426000 rw-p 00025000 08:01 1968191                        /usr/lib64/libpng12.so.0.49.0
3c35600000-3c35634000 r-xp 00000000 08:01 1968317                        /usr/lib64/libfontconfig.so.1.4.4
3c35634000-3c35834000 ---p 00034000 08:01 1968317                        /usr/lib64/libfontconfig.so.1.4.4
3c35834000-3c35836000 rw-p 00034000 08:01 1968317                        /usr/lib64/libfontconfig.so.1.4.4
3c35a00000-3c35a09000 r-xp 00000000 08:01 1968519                        /usr/lib64/libXrender.so.1.3.0
3c35a09000-3c35c08000 ---p 00009000 08:01 1968519                        /usr/lib64/libXrender.so.1.3.0
3c35c08000-3c35c09000 rw-p 00008000 08:01 1968519                        /usr/lib64/libXrender.so.1.3.0
3c35e00000-3c35e0f000 r-xp 00000000 08:01 1970831                        /usr/lib64/libXi.so.6.1.0
3c35e0f000-3c3600e000 ---p 0000f000 08:01 1970831                        /usr/lib64/libXi.so.6.1.0
3c3600e000-3c3600f000 rw-p 0000e000 08:01 1970831                        /usr/lib64/libXi.so.6.1.0
3c36200000-3c36205000 r-xp 00000000 08:01 1975798                        /usr/lib64/libXfixes.so.3.1.0
3c36205000-3c36404000 ---p 00005000 08:01 1975798                        /usr/lib64/libXfixes.so.3.1.0
3c36404000-3c36405000 rw-p 00004000 08:01 1975798                        /usr/lib64/libXfixes.so.3.1.0
3c36600000-3c36609000 r-xp 00000000 08:01 1967688                        /usr/lib64/libXrandr.so.2.2.0
3c36609000-3c36808000 ---p 00009000 08:01 1967688                        /usr/lib64/libXrandr.so.2.2.0
3c36808000-3c36809000 rw-p 00008000 08:01 1967688                        /usr/lib64/libXrandr.so.2.2.0
3c36a00000-3c36a02000 r-xp 00000000 08:01 1969050                        /usr/lib64/libXinerama.so.1.0.0
3c36a02000-3c36c01000 ---p 00002000 08:01 1969050                        /usr/lib64/libXinerama.so.1.0.0
3c36c01000-3c36c02000 rw-p 00001000 08:01 1969050                        /usr/lib64/libXinerama.so.1.0.0
3c37200000-3c37209000 r-xp 00000000 08:01 1971871                        /usr/lib64/libXcursor.so.1.0.2
3c37209000-3c37409000 ---p 00009000 08:01 1971871                        /usr/lib64/libXcursor.so.1.0.2
3c37409000-3c3740a000 rw-p 00009000 08:01 1971871                        /usr/lib64/libXcursor.so.1.0.2
3c37e00000-3c37e03000 r-xp 00000000 08:01 1835186                        /lib64/libgmodule-2.0.so.0.2800.8
3c37e03000-3c38002000 ---p 00003000 08:01 1835186                        /lib64/libgmodule-2.0.so.0.2800.8
3c38002000-3c38003000 rw-p 00002000 08:01 1835186                        /lib64/libgmodule-2.0.so.0.2800.8
3c3aa00000-3c3ab14000 r-xp 00000000 08:01 1835182                        /lib64/libgio-2.0.so.0.2800.8
3c3ab14000-3c3ad13000 ---p 00114000 08:01 1835182                        /lib64/libgio-2.0.so.0.2800.8
3c3ad13000-3c3ad18000 rw-p 00113000 08:01 1835182                        /lib64/libgio-2.0.so.0.2800.8
3c3ad18000-3c3ad1a000 rw-p 00000000 00:00 0 
3c3b600000-3c3b602000 r-xp 00000000 08:01 1982513                        /usr/lib64/libXdamage.so.1.1.0
3c3b602000-3c3b801000 ---p 00002000 08:01 1982513                        /usr/lib64/libXdamage.so.1.1.0
3c3b801000-3c3b802000 rw-p 00001000 08:01 1982513                        /usr/lib64/libXdamage.so.1.1.0
3c3c200000-3c3c276000 r-xp 00000000 08:01 1979607                        /usr/lib64/libcairo.so.2.10800.8
3c3c276000-3c3c476000 ---p 00076000 08:01 1979607                        /usr/lib64/libcairo.so.2.10800.8
3c3c476000-3c3c479000 rw-p 00076000 08:01 1979607                        /usr/lib64/libcairo.so.2.10800.8
3c3c600000-3c3c61e000 r-xp 00000000 08:01 1975953                        /usr/lib64/libatk-1.0.so.0.3009.1
3c3c61e000-3c3c81e000 ---p 0001e000 08:01 1975953                        /usr/lib64/libatk-1.0.so.0.3009.1
3c3c81e000-3c3c821000 rw-p 0001e000 08:01 1975953                        /usr/lib64/libatk-1.0.so.0.3009.1
3c3ca00000-3c3ca48000 r-xp 00000000 08:01 1973989                        /usr/lib64/libpango-1.0.so.0.2800.1
3c3ca48000-3c3cc48000 ---p 00048000 08:01 1973989                        /usr/lib64/libpango-1.0.so.0.2800.1
3c3cc48000-3c3cc4b000 rw-p 00048000 08:01 1973989                        /usr/lib64/libpango-1.0.so.0.2800.1
3c3ce00000-3c3ce20000 r-xp 00000000 08:01 1982701                        /usr/lib64/libgdk_pixbuf-2.0.so.0.2400.1
3c3ce20000-3c3d01f000 ---p 00020000 08:01 1982701                        /usr/lib64/libgdk_pixbuf-2.0.so.0.2400.1
3c3d01f000-3c3d020000 rw-p 0001f000 08:01 1982701                        /usr/lib64/libgdk_pixbuf-2.0.so.0.2400.1
3c3d200000-3c3d2bb000 r-xp 00000000 08:01 1983095                        /usr/lib64/libgdk-x11-2.0.so.0.2400.23
3c3d2bb000-3c3d4bb000 ---p 000bb000 08:01 1983095                        /usr/lib64/libgdk-x11-2.0.so.0.2400.23
3c3d4bb000-3c3d4c0000 rw-p 000bb000 08:01 1983095                        /usr/lib64/libgdk-x11-2.0.so.0.2400.23
3c3d600000-3c3da73000 r-xp 00000000 08:01 1983189                        /usr/lib64/libgtk-x11-2.0.so.0.2400.23
3c3da73000-3c3dc73000 ---p 00473000 08:01 1983189                        /usr/lib64/libgtk-x11-2.0.so.0.2400.23
3c3dc73000-3c3dc7e000 rw-p 00473000 08:01 1983189                        /usr/lib64/libgtk-x11-2.0.so.0.2400.23
3c3dc7e000-3c3dc80000 rw-p 00000000 00:00 0 
3c3de00000-3c3de02000 r-xp 00000000 08:01 1968521                        /usr/lib64/libXcomposite.so.1.0.0
3c3de02000-3c3e001000 ---p 00002000 08:01 1968521                        /usr/lib64/libXcomposite.so.1.0.0
3c3e001000-3c3e002000 rw-p 00001000 08:01 1968521                        /usr/lib64/libXcomposite.so.1.0.0
3c3e200000-3c3e20b000 r-xp 00000000 08:01 1971100                        /usr/lib64/libpangocairo-1.0.so.0.2800.1
3c3e20b000-3c3e40b000 ---p 0000b000 08:01 1971100                        /usr/lib64/libpangocairo-1.0.so.0.2800.1
3c3e40b000-3c3e40c000 rw-p 0000b000 08:01 1971100                        /usr/lib64/libpangocairo-1.0.so.0.2800.1
3c3e600000-3c3e62a000 r-xp 00000000 08:01 1982441                        /usr/lib64/libpangoft2-1.0.so.0.2800.1
3c3e62a000-3c3e829000 ---p 0002a000 08:01 1982441                        /usr/lib64/libpangoft2-1.0.so.0.2800.1
3c3e829000-3c3e82b000 rw-p 00029000 08:01 1982441                        /usr/lib64/libpangoft2-1.0.so.0.2800.1
3c3ea00000-3c3eaa9000 r-xp 00000000 08:01 1967605                        /usr/lib64/libpixman-1.so.0.32.4
3c3eaa9000-3c3eca8000 ---p 000a9000 08:01 1967605                        /usr/lib64/libpixman-1.so.0.32.4
3c3eca8000-3c3ecb0000 rw-p 000a8000 08:01 1967605                        /usr/lib64/libpixman-1.so.0.32.4
7f9884000000-7f9884021000 rw-p 00000000 00:00 0 
7f9884021000-7f9888000000 ---p 00000000 00:00 0 
7f988c000000-7f988c136000 rw-p 00000000 00:00 0 
7f988c136000-7f9890000000 ---p 00000000 00:00 0 
7f9890000000-7f9890021000 rw-p 00000000 00:00 0 
7f9890021000-7f9894000000 ---p 00000000 00:00 0 
7f9894000000-7f98940bb000 rw-p 00000000 00:00 0 
7f98940bb000-7f9898000000 ---p 00000000 00:00 0 
7f989a16f000-7f98a0000000 r--p 00000000 08:01 1995657                    /usr/lib/locale/locale-archive
7f98a0000000-7f98a0021000 rw-p 00000000 00:00 0 
7f98a0021000-7f98a4000000 ---p 00000000 00:00 0 
7f98a4000000-7f98a4021000 rw-p 00000000 00:00 0 
7f98a4021000-7f98a8000000 ---p 00000000 00:00 0 
7f98a8000000-7f98a8021000 rw-p 00000000 00:00 0 
7f98a8021000-7f98ac000000 ---p 00000000 00:00 0 
7f98ac000000-7f98ac021000 rw-p 00000000 00:00 0 
7f98ac021000-7f98b0000000 ---p 00000000 00:00 0 
7f98b0000000-7f98b0021000 rw-p 00000000 00:00 0 
7f98b0021000-7f98b4000000 ---p 00000000 00:00 0 
7f98b4000000-7f98b4021000 rw-p 00000000 00:00 0 
7f98b4021000-7f98b8000000 ---p 00000000 00:00 0 
7f98b8000000-7f98b8021000 rw-p 00000000 00:00 0 
7f98b8021000-7f98bc000000 ---p 00000000 00:00 0 
7f98bebd7000-7f98bebda000 r-xp 00000000 08:01 19087                      /usr/lib64/gdk-pixbuf-2.0/2.10.0/loaders/libpixbufloader-bmp.so
7f98bebda000-7f98bedda000 ---p 00003000 08:01 19087                      /usr/lib64/gdk-pixbuf-2.0/2.10.0/loaders/libpixbufloader-bmp.so
7f98bedda000-7f98beddb000 rw-p 00003000 08:01 19087                      /usr/lib64/gdk-pixbuf-2.0/2.10.0/loaders/libpixbufloader-bmp.so
7f98beddb000-7f98bede0000 r-xp 00000000 08:01 1835454                    /lib64/libnss_dns-2.12.so
7f98bede0000-7f98befdf000 ---p 00005000 08:01 1835454                    /lib64/libnss_dns-2.12.so
7f98befdf000-7f98befe0000 r--p 00004000 08:01 1835454                    /lib64/libnss_dns-2.12.so
7f98befe0000-7f98befe1000 rw-p 00005000 08:01 1835454                    /lib64/libnss_dns-2.12.so
7f98befe1000-7f98beff1000 r-xp 00000000 08:01 2005234                    /usr/lib64/eclipse/plugins/org.eclipse.equinox.launcher.gtk.linux.x86_64_1.1.1.R36x_v20100810/eclipse_1309.so
7f98beff1000-7f98bf1f0000 ---p 00010000 08:01 2005234                    /usr/lib64/eclipse/plugins/org.eclipse.equinox.launcher.gtk.linux.x86_64_1.1.1.R36x_v20100810/eclipse_1309.so
7f98bf1f0000-7f98bf1f2000 rw-p 0000f000 08:01 2005234                    /usr/lib64/eclipse/plugins/org.eclipse.equinox.launcher.gtk.linux.x86_64_1.1.1.R36x_v20100810/eclipse_1309.so
7f98bf1f2000-7f98bf1f3000 ---p 00000000 00:00 0 
7f98bf1f3000-7f98bf2f3000 rw-p 00000000 00:00 0 
7f98bf2f3000-7f98bf2f6000 ---p 00000000 00:00 0 
7f98bf2f6000-7f98bf3f4000 rw-p 00000000 00:00 0 
7f98bf3f4000-7f98bf3f7000 ---p 00000000 00:00 0 
7f98bf3f7000-7f98bf4f5000 rw-p 00000000 00:00 0 
7f98bf4f5000-7f98bf4f8000 ---p 00000000 00:00 0 
7f98bf4f8000-7f98bf5f6000 rw-p 00000000 00:00 0 
7f98bf5f6000-7f98bf5f9000 ---p 00000000 00:00 0 
7f98bf5f9000-7f98bf6f7000 rw-p 00000000 00:00 0 
7f98bf6f7000-7f98bf6fa000 ---p 00000000 00:00 0 
7f98bf6fa000-7f98bf7f8000 rw-p 00000000 00:00 0 
7f98bf7f8000-7f98bf7fb000 ---p 00000000 00:00 0 
7f98bf7fb000-7f98bf8f9000 rw-p 00000000 00:00 0 
7f98bf8f9000-7f98bf8fa000 ---p 00000000 00:00 0 
7f98bf8fa000-7f98c0000000 rw-p 00000000 00:00 0 
7f98c0000000-7f98c0021000 rw-p 00000000 00:00 0 
7f98c0021000-7f98c4000000 ---p 00000000 00:00 0 
7f98c4000000-7f98c4021000 rw-p 00000000 00:00 0 
7f98c4021000-7f98c8000000 ---p 00000000 00:00 0 
7f98c8000000-7f98c8021000 rw-p 00000000 00:00 0 
7f98c8021000-7f98cc000000 ---p 00000000 00:00 0 
7f98cc000000-7f98cc021000 rw-p 00000000 00:00 0 
7f98cc021000-7f98d0000000 ---p 00000000 00:00 0 
7f98d0000000-7f98d0021000 rw-p 00000000 00:00 0 
7f98d0021000-7f98d4000000 ---p 00000000 00:00 0 
7f98d40f1000-7f98d5000000 rw-p 00000000 00:00 0 
7f98d5000000-7f98d5270000 rwxp 00000000 00:00 0 
7f98d5270000-7f98d82ed000 rw-p 00000000 00:00 0 
7f98d82ed000-7f98dc000000 ---p 00000000 00:00 0 
7f98dc02f000-7f98dc6e3000 rw-p 00000000 00:00 0 
7f98dc6e3000-7f98dc8a3000 r--s 039ea000 08:01 145000                     /usr/lib/jvm/java-1.7.0-oracle-1.7.0.72.x86_64/jre/lib/rt.jar
7f98dc8a3000-7f98de2f4000 rw-p 00000000 00:00 0 
7f98de2f4000-7f98de2f5000 ---p 00000000 00:00 0 
7f98de2f5000-7f98de3f5000 rw-p 00000000 00:00 0 
7f98de3f5000-7f98de3f6000 ---p 00000000 00:00 0 
7f98de3f6000-7f98de4f6000 rw-p 00000000 00:00 0 
7f98de4f6000-7f98de4f7000 ---p 00000000 00:00 0 
7f98de4f7000-7f98de5f7000 rw-p 00000000 00:00 0 
7f98de5f7000-7f98de5f8000 ---p 00000000 00:00 0 
7f98de5f8000-7f98de6f8000 rw-p 00000000 00:00 0 
7f98de6f8000-7f98de6f9000 ---p 00000000 00:00 0 
7f98de6f9000-7f98de7f9000 rw-p 00000000 00:00 0 
7f98de7f9000-7f98de7fa000 ---p 00000000 00:00 0 
7f98de7fa000-7f98de8fa000 rw-p 00000000 00:00 0 
7f98de8fa000-7f98de8fb000 ---p 00000000 00:00 0 
7f98de8fb000-7f98de9fb000 rw-p 00000000 00:00 0 
7f98de9fb000-7f98de9fc000 ---p 00000000 00:00 0 
7f98de9fc000-7f98deb07000 rw-p 00000000 00:00 0 
7f98deb07000-7f98deb7c000 rw-p 00000000 00:00 0 
7f98deb7c000-7f98deba7000 rw-p 00000000 00:00 0 
7f98deba7000-7f98dec27000 rw-p 00000000 00:00 0 
7f98dec27000-7f98dec32000 rw-p 00000000 00:00 0 
7f98dec32000-7f98deca7000 rw-p 00000000 00:00 0 
7f98deca7000-7f98decd2000 rw-p 00000000 00:00 0 
7f98decd2000-7f98ded51000 rw-p 00000000 00:00 0 
7f98ded51000-7f98ded67000 rw-p 00000000 00:00 0 
7f98ded67000-7f98deda7000 rw-p 00000000 00:00 0 
7f98deda7000-7f98dedb2000 rw-p 00000000 00:00 0 
7f98dedb2000-7f98dee68000 rw-p 00000000 00:00 0 
7f98dee68000-7f98dee82000 r-xp 00000000 08:01 144402                     /usr/lib/jvm/java-1.7.0-oracle-1.7.0.72.x86_64/jre/lib/amd64/libzip.so
7f98dee82000-7f98df082000 ---p 0001a000 08:01 144402                     /usr/lib/jvm/java-1.7.0-oracle-1.7.0.72.x86_64/jre/lib/amd64/libzip.so
7f98df082000-7f98df083000 rw-p 0001a000 08:01 144402                     /usr/lib/jvm/java-1.7.0-oracle-1.7.0.72.x86_64/jre/lib/amd64/libzip.so
7f98df083000-7f98df08f000 r-xp 00000000 08:01 1858214                    /lib64/libnss_files-2.12.so
7f98df08f000-7f98df28f000 ---p 0000c000 08:01 1858214                    /lib64/libnss_files-2.12.so
7f98df28f000-7f98df290000 r--p 0000c000 08:01 1858214                    /lib64/libnss_files-2.12.so
7f98df290000-7f98df291000 rw-p 0000d000 08:01 1858214                    /lib64/libnss_files-2.12.so
7f98df2a1000-7f98df2bc000 r--s 00000000 08:01 136653                     /usr/share/mime/mime.cache
7f98df2bc000-7f98df2e5000 r-xp 00000000 08:01 144342                     /usr/lib/jvm/java-1.7.0-oracle-1.7.0.72.x86_64/jre/lib/amd64/libjava.so
7f98df2e5000-7f98df4e5000 ---p 00029000 08:01 144342                     /usr/lib/jvm/java-1.7.0-oracle-1.7.0.72.x86_64/jre/lib/amd64/libjava.so
7f98df4e5000-7f98df4e7000 rw-p 00029000 08:01 144342                     /usr/lib/jvm/java-1.7.0-oracle-1.7.0.72.x86_64/jre/lib/amd64/libjava.so
7f98df4e7000-7f98df4f4000 r-xp 00000000 08:01 144401                     /usr/lib/jvm/java-1.7.0-oracle-1.7.0.72.x86_64/jre/lib/amd64/libverify.so
7f98df4f4000-7f98df6f3000 ---p 0000d000 08:01 144401                     /usr/lib/jvm/java-1.7.0-oracle-1.7.0.72.x86_64/jre/lib/amd64/libverify.so
7f98df6f3000-7f98df6f5000 rw-p 0000c000 08:01 144401                     /usr/lib/jvm/java-1.7.0-oracle-1.7.0.72.x86_64/jre/lib/amd64/libverify.so
7f98df6f5000-7f98df6f8000 ---p 00000000 00:00 0 
7f98df6f8000-7f98df7f6000 rw-p 00000000 00:00 0 
7f98df7f6000-7f98e0369000 r-xp 00000000 08:01 144406                     /usr/lib/jvm/java-1.7.0-oracle-1.7.0.72.x86_64/jre/lib/amd64/server/libjvm.so
7f98e0369000-7f98e0568000 ---p 00b73000 08:01 144406                     /usr/lib/jvm/java-1.7.0-oracle-1.7.0.72.x86_64/jre/lib/amd64/server/libjvm.so
7f98e0568000-7f98e062c000 rw-p 00b72000 08:01 144406                     /usr/lib/jvm/java-1.7.0-oracle-1.7.0.72.x86_64/jre/lib/amd64/server/libjvm.so
7f98e062c000-7f98e0671000 rw-p 00000000 00:00 0 
7f98e067c000-7f98e0681000 r--s 0008a000 08:01 144940                     /usr/lib/jvm/java-1.7.0-oracle-1.7.0.72.x86_64/jre/lib/jsse.jar
7f98e0681000-7f98e0683000 r--s 00009000 08:01 2005236                    /usr/lib64/eclipse/plugins/org.eclipse.equinox.launcher_1.1.0.v20100507.jar
7f98e0683000-7f98e0692000 rw-p 00000000 00:00 0 
7f98e0692000-7f98e069a000 rw-s 00000000 00:11 28114095                   /tmp/hsperfdata_kmahadik/16727
7f98e069a000-7f98e069b000 rw-p 00000000 00:00 0 
7f98e069b000-7f98e069c000 r--p 00000000 00:00 0 
7f98e069c000-7f98e069d000 rw-p 00000000 00:00 0 
7fffa1fa1000-7fffa1fb7000 rw-p 00000000 00:00 0                          [stack]
7fffa1fd5000-7fffa1fd6000 r-xp 00000000 00:00 0                          [vdso]
ffffffffff600000-ffffffffff601000 r-xp 00000000 00:00 0                  [vsyscall]

VM Arguments:
jvm_args: -Xms128m -Xmx512m -Dorg.eclipse.equinox.p2.reconciler.dropins.directory=/usr/share/eclipse/dropins -XX:CompileCommand=exclude,org/eclipse/core/internal/dtree/DataTreeNode,forwardDeltaWith -XX:CompileCommand=exclude,org/eclipse/jdt/internal/compiler/lookup/ParameterizedMethodBinding,<init> -XX:CompileCommand=exclude,org/eclipse/cdt/internal/core/dom/parser/cpp/semantics/CPPTemplates,instantiateTemplate -XX:CompileCommand=exclude,org/eclipse/cdt/internal/core/pdom/dom/cpp/PDOMCPPLinkage,addBinding -XX:CompileCommand=exclude,org/python/pydev/editor/codecompletion/revisited/PythonPathHelper,isValidSourceFile -XX:CompileCommand=exclude,org/python/pydev/ui/filetypes/FileTypesPreferencesPage,getDottedValidSourceFiles -XX:MaxPermSize=256m 
java_command: /usr/lib64/eclipse//plugins/org.eclipse.equinox.launcher_1.1.0.v20100507.jar -os linux -ws gtk -arch x86_64 -showsplash -launcher /usr/lib64/eclipse/eclipse -name Eclipse --launcher.library /usr/lib64/eclipse//plugins/org.eclipse.equinox.launcher.gtk.linux.x86_64_1.1.1.R36x_v20100810/eclipse_1309.so -startup /usr/lib64/eclipse//plugins/org.eclipse.equinox.launcher_1.1.0.v20100507.jar -exitdata 30003 -vm /usr/bin/java -vmargs -Xms128m -Xmx512m -Dorg.eclipse.equinox.p2.reconciler.dropins.directory=/usr/share/eclipse/dropins -XX:CompileCommand=exclude,org/eclipse/core/internal/dtree/DataTreeNode,forwardDeltaWith -XX:CompileCommand=exclude,org/eclipse/jdt/internal/compiler/lookup/ParameterizedMethodBinding,<init> -XX:CompileCommand=exclude,org/eclipse/cdt/internal/core/dom/parser/cpp/semantics/CPPTemplates,instantiateTemplate -XX:CompileCommand=exclude,org/eclipse/cdt/internal/core/pdom/dom/cpp/PDOMCPPLinkage,addBinding -XX:CompileCommand=exclude,org/python/pydev/editor/codecompletion/revisited/PythonPathHelper,isValidSourceFile -XX:CompileCommand=exclude,org/python/pydev/ui/filetypes/FileTypesPreferencesPage,getDottedValidSourceFiles -XX:MaxPermSize=256m -jar /usr/lib64/eclipse//plugins/org.eclipse.equinox.launcher_1.1.0.v20100507.jar
Launcher Type: SUN_STANDARD

Environment Variables:
PATH=/home/min/a/kmahadik/mpich-install/bin:/home/min/a/kmahadik/mpiblast-install2/bin:/var/scratch/kmahadik/allpaths/bin:/var/scratch/kmahadik/Linux64:/var/scratch/kmahadik/seal/build:/var/scratch/kmahadik/samtools-0.1.16:/var/scratch/kmahadik/bowtie:/home/min/a/kmahadik/mpich-install/bin:/home/min/a/kmahadik/mpiblast-install2/bin:/var/scratch/kmahadik/bowtie2-2.1.0:/var/scratch/kmahadik/all_path/bin:/usr/lib64/qt-3.3/bin:/usr/NX/bin:/usr/local/bin:/bin:/usr/bin:/usr/local/sbin:/usr/sbin:/sbin:/usr/opt/bin:/usr/site/ece/bin:.:/home/min/a/kmahadik/hadoop/bin
SHELL=/bin/bash
DISPLAY=localhost:10.0

Signal Handlers:
SIGSEGV: [libjvm.so+0x9a1a10], sa_mask[0]=0x7ffbfeff, sa_flags=0x10000004
SIGBUS: [libjvm.so+0x9a1a10], sa_mask[0]=0x7ffbfeff, sa_flags=0x10000004
SIGFPE: [libjvm.so+0x81bae0], sa_mask[0]=0x7ffbfeff, sa_flags=0x10000004
SIGPIPE: SIG_IGN, sa_mask[0]=0x00001000, sa_flags=0x10000000
SIGXFSZ: [libjvm.so+0x81bae0], sa_mask[0]=0x7ffbfeff, sa_flags=0x10000004
SIGILL: [libjvm.so+0x81bae0], sa_mask[0]=0x7ffbfeff, sa_flags=0x10000004
SIGUSR1: SIG_DFL, sa_mask[0]=0x00000000, sa_flags=0x00000000
SIGUSR2: [libjvm.so+0x81d2e0], sa_mask[0]=0x00000000, sa_flags=0x10000004
SIGHUP: [libjvm.so+0x81e400], sa_mask[0]=0x7ffbfeff, sa_flags=0x10000004
SIGINT: [libjvm.so+0x81e400], sa_mask[0]=0x7ffbfeff, sa_flags=0x10000004
SIGTERM: [libjvm.so+0x81e400], sa_mask[0]=0x7ffbfeff, sa_flags=0x10000004
SIGQUIT: [libjvm.so+0x81e400], sa_mask[0]=0x7ffbfeff, sa_flags=0x10000004


---------------  S Y S T E M  ---------------

OS:Red Hat Enterprise Linux Workstation release 6.6 (Santiago)

uname:Linux 2.6.32-431.20.3.el6.x86_64 #1 SMP Fri Jun 6 18:30:54 EDT 2014 x86_64
libc:glibc 2.12 NPTL 2.12 
rlimit: STACK 10240k, CORE 0k, NPROC 1024, NOFILE 4096, AS infinity
load average:0.01 0.07 0.08

/proc/meminfo:
MemTotal:        8058736 kB
MemFree:         2204356 kB
Buffers:          500576 kB
Cached:          3518144 kB
SwapCached:         4168 kB
Active:          2043616 kB
Inactive:        2861364 kB
Active(anon):     219848 kB
Inactive(anon):   666668 kB
Active(file):    1823768 kB
Inactive(file):  2194696 kB
Unevictable:           0 kB
Mlocked:               0 kB
SwapTotal:       8388600 kB
SwapFree:        8333420 kB
Dirty:                 4 kB
Writeback:             0 kB
AnonPages:        883908 kB
Mapped:            38136 kB
Shmem:               256 kB
Slab:             854612 kB
SReclaimable:     804056 kB
SUnreclaim:        50556 kB
KernelStack:        5136 kB
PageTables:        12208 kB
NFS_Unstable:          0 kB
Bounce:                0 kB
WritebackTmp:          0 kB
CommitLimit:    12417968 kB
Committed_AS:    3158184 kB
VmallocTotal:   34359738367 kB
VmallocUsed:       30284 kB
VmallocChunk:   34355583672 kB
HardwareCorrupted:     0 kB
AnonHugePages:    614400 kB
HugePages_Total:       0
HugePages_Free:        0
HugePages_Rsvd:        0
HugePages_Surp:        0
Hugepagesize:       2048 kB
DirectMap4k:        9920 kB
DirectMap2M:     2086912 kB
DirectMap1G:     6291456 kB


CPU:total 8 (4 cores per cpu, 1 threads per core) family 16 model 2 stepping 3, cmov, cx8, fxsr, mmx, sse, sse2, sse3, popcnt, mmxext, 3dnowpref, lzcnt, sse4a, tsc, tscinvbit, tscinv

/proc/cpuinfo:
processor	: 0
vendor_id	: AuthenticAMD
cpu family	: 16
model		: 2
model name	: Quad-Core AMD Opteron(tm) Processor 2354
stepping	: 3
cpu MHz		: 1100.000
cache size	: 512 KB
physical id	: 0
siblings	: 4
core id		: 0
cpu cores	: 4
apicid		: 0
initial apicid	: 0
fpu		: yes
fpu_exception	: yes
cpuid level	: 5
wp		: yes
flags		: fpu vme de pse tsc msr pae mce cx8 apic sep mtrr pge mca cmov pat pse36 clflush mmx fxsr sse sse2 ht syscall nx mmxext fxsr_opt pdpe1gb rdtscp lm 3dnowext 3dnow constant_tsc rep_good nonstop_tsc extd_apicid pni monitor cx16 popcnt lahf_lm cmp_legacy svm extapic cr8_legacy abm sse4a misalignsse 3dnowprefetch osvw ibs npt lbrv svm_lock
bogomips	: 4422.68
TLB size	: 1024 4K pages
clflush size	: 64
cache_alignment	: 64
address sizes	: 48 bits physical, 48 bits virtual
power management: ts ttp tm stc 100mhzsteps hwpstate

processor	: 1
vendor_id	: AuthenticAMD
cpu family	: 16
model		: 2
model name	: Quad-Core AMD Opteron(tm) Processor 2354
stepping	: 3
cpu MHz		: 1100.000
cache size	: 512 KB
physical id	: 0
siblings	: 4
core id		: 1
cpu cores	: 4
apicid		: 1
initial apicid	: 1
fpu		: yes
fpu_exception	: yes
cpuid level	: 5
wp		: yes
flags		: fpu vme de pse tsc msr pae mce cx8 apic sep mtrr pge mca cmov pat pse36 clflush mmx fxsr sse sse2 ht syscall nx mmxext fxsr_opt pdpe1gb rdtscp lm 3dnowext 3dnow constant_tsc rep_good nonstop_tsc extd_apicid pni monitor cx16 popcnt lahf_lm cmp_legacy svm extapic cr8_legacy abm sse4a misalignsse 3dnowprefetch osvw ibs npt lbrv svm_lock
bogomips	: 4422.68
TLB size	: 1024 4K pages
clflush size	: 64
cache_alignment	: 64
address sizes	: 48 bits physical, 48 bits virtual
power management: ts ttp tm stc 100mhzsteps hwpstate

processor	: 2
vendor_id	: AuthenticAMD
cpu family	: 16
model		: 2
model name	: Quad-Core AMD Opteron(tm) Processor 2354
stepping	: 3
cpu MHz		: 1100.000
cache size	: 512 KB
physical id	: 0
siblings	: 4
core id		: 2
cpu cores	: 4
apicid		: 2
initial apicid	: 2
fpu		: yes
fpu_exception	: yes
cpuid level	: 5
wp		: yes
flags		: fpu vme de pse tsc msr pae mce cx8 apic sep mtrr pge mca cmov pat pse36 clflush mmx fxsr sse sse2 ht syscall nx mmxext fxsr_opt pdpe1gb rdtscp lm 3dnowext 3dnow constant_tsc rep_good nonstop_tsc extd_apicid pni monitor cx16 popcnt lahf_lm cmp_legacy svm extapic cr8_legacy abm sse4a misalignsse 3dnowprefetch osvw ibs npt lbrv svm_lock
bogomips	: 4422.68
TLB size	: 1024 4K pages
clflush size	: 64
cache_alignment	: 64
address sizes	: 48 bits physical, 48 bits virtual
power management: ts ttp tm stc 100mhzsteps hwpstate

processor	: 3
vendor_id	: AuthenticAMD
cpu family	: 16
model		: 2
model name	: Quad-Core AMD Opteron(tm) Processor 2354
stepping	: 3
cpu MHz		: 1100.000
cache size	: 512 KB
physical id	: 0
siblings	: 4
core id		: 3
cpu cores	: 4
apicid		: 3
initial apicid	: 3
fpu		: yes
fpu_exception	: yes
cpuid level	: 5
wp		: yes
flags		: fpu vme de pse tsc msr pae mce cx8 apic sep mtrr pge mca cmov pat pse36 clflush mmx fxsr sse sse2 ht syscall nx mmxext fxsr_opt pdpe1gb rdtscp lm 3dnowext 3dnow constant_tsc rep_good nonstop_tsc extd_apicid pni monitor cx16 popcnt lahf_lm cmp_legacy svm extapic cr8_legacy abm sse4a misalignsse 3dnowprefetch osvw ibs npt lbrv svm_lock
bogomips	: 4422.68
TLB size	: 1024 4K pages
clflush size	: 64
cache_alignment	: 64
address sizes	: 48 bits physical, 48 bits virtual
power management: ts ttp tm stc 100mhzsteps hwpstate

processor	: 4
vendor_id	: AuthenticAMD
cpu family	: 16
model		: 2
model name	: Quad-Core AMD Opteron(tm) Processor 2354
stepping	: 3
cpu MHz		: 1100.000
cache size	: 512 KB
physical id	: 1
siblings	: 4
core id		: 0
cpu cores	: 4
apicid		: 4
initial apicid	: 4
fpu		: yes
fpu_exception	: yes
cpuid level	: 5
wp		: yes
flags		: fpu vme de pse tsc msr pae mce cx8 apic sep mtrr pge mca cmov pat pse36 clflush mmx fxsr sse sse2 ht syscall nx mmxext fxsr_opt pdpe1gb rdtscp lm 3dnowext 3dnow constant_tsc rep_good nonstop_tsc extd_apicid pni monitor cx16 popcnt lahf_lm cmp_legacy svm extapic cr8_legacy abm sse4a misalignsse 3dnowprefetch osvw ibs npt lbrv svm_lock
bogomips	: 4422.30
TLB size	: 1024 4K pages
clflush size	: 64
cache_alignment	: 64
address sizes	: 48 bits physical, 48 bits virtual
power management: ts ttp tm stc 100mhzsteps hwpstate

processor	: 5
vendor_id	: AuthenticAMD
cpu family	: 16
model		: 2
model name	: Quad-Core AMD Opteron(tm) Processor 2354
stepping	: 3
cpu MHz		: 1100.000
cache size	: 512 KB
physical id	: 1
siblings	: 4
core id		: 1
cpu cores	: 4
apicid		: 5
initial apicid	: 5
fpu		: yes
fpu_exception	: yes
cpuid level	: 5
wp		: yes
flags		: fpu vme de pse tsc msr pae mce cx8 apic sep mtrr pge mca cmov pat pse36 clflush mmx fxsr sse sse2 ht syscall nx mmxext fxsr_opt pdpe1gb rdtscp lm 3dnowext 3dnow constant_tsc rep_good nonstop_tsc extd_apicid pni monitor cx16 popcnt lahf_lm cmp_legacy svm extapic cr8_legacy abm sse4a misalignsse 3dnowprefetch osvw ibs npt lbrv svm_lock
bogomips	: 4422.30
TLB size	: 1024 4K pages
clflush size	: 64
cache_alignment	: 64
address sizes	: 48 bits physical, 48 bits virtual
power management: ts ttp tm stc 100mhzsteps hwpstate

processor	: 6
vendor_id	: AuthenticAMD
cpu family	: 16
model		: 2
model name	: Quad-Core AMD Opteron(tm) Processor 2354
stepping	: 3
cpu MHz		: 1100.000
cache size	: 512 KB
physical id	: 1
siblings	: 4
core id		: 2
cpu cores	: 4
apicid		: 6
initial apicid	: 6
fpu		: yes
fpu_exception	: yes
cpuid level	: 5
wp		: yes
flags		: fpu vme de pse tsc msr pae mce cx8 apic sep mtrr pge mca cmov pat pse36 clflush mmx fxsr sse sse2 ht syscall nx mmxext fxsr_opt pdpe1gb rdtscp lm 3dnowext 3dnow constant_tsc rep_good nonstop_tsc extd_apicid pni monitor cx16 popcnt lahf_lm cmp_legacy svm extapic cr8_legacy abm sse4a misalignsse 3dnowprefetch osvw ibs npt lbrv svm_lock
bogomips	: 4422.30
TLB size	: 1024 4K pages
clflush size	: 64
cache_alignment	: 64
address sizes	: 48 bits physical, 48 bits virtual
power management: ts ttp tm stc 100mhzsteps hwpstate

processor	: 7
vendor_id	: AuthenticAMD
cpu family	: 16
model		: 2
model name	: Quad-Core AMD Opteron(tm) Processor 2354
stepping	: 3
cpu MHz		: 1100.000
cache size	: 512 KB
physical id	: 1
siblings	: 4
core id		: 3
cpu cores	: 4
apicid		: 7
initial apicid	: 7
fpu		: yes
fpu_exception	: yes
cpuid level	: 5
wp		: yes
flags		: fpu vme de pse tsc msr pae mce cx8 apic sep mtrr pge mca cmov pat pse36 clflush mmx fxsr sse sse2 ht syscall nx mmxext fxsr_opt pdpe1gb rdtscp lm 3dnowext 3dnow constant_tsc rep_good nonstop_tsc extd_apicid pni monitor cx16 popcnt lahf_lm cmp_legacy svm extapic cr8_legacy abm sse4a misalignsse 3dnowprefetch osvw ibs npt lbrv svm_lock
bogomips	: 4422.30
TLB size	: 1024 4K pages
clflush size	: 64
cache_alignment	: 64
address sizes	: 48 bits physical, 48 bits virtual
power management: ts ttp tm stc 100mhzsteps hwpstate



Memory: 4k page, physical 8058736k(2204356k free), swap 8388600k(8333420k free)

vm_info: Java HotSpot(TM) 64-Bit Server VM (24.72-b04) for linux-amd64 JRE (1.7.0_72-b14), built on Sep 26 2014 18:20:41 by "java_re" with gcc 4.3.0 20080428 (Red Hat 4.3.0-8)

time: Wed Dec 10 17:12:41 2014
elapsed time: 1 seconds

